  1>Checking Build System
  CMake is re-running because C:/Users/ccair/Documents/Uni_Temp/Engines/MyEngineII/helloworld/build/CMakeFiles/generate.stamp is out-of-date.
    the file 'C:/Users/ccair/Documents/Uni_Temp/Engines/MyEngineII/helloworld/CMakeLists.txt'
    is newer than 'C:/Users/ccair/Documents/Uni_Temp/Engines/MyEngineII/helloworld/build/CMakeFiles/generate.stamp.depend'
    result='-1'
  -- Running vcpkg install
  Detecting compiler hash for triplet x64-windows...
  Compiler found: C:/Program Files/Microsoft Visual Studio/2022/Community/VC/Tools/MSVC/14.43.34808/bin/Hostx64/x64/cl.exe
  The following packages are already installed:
      fmt:x64-windows@12.0.0 -- git+https://github.com/microsoft/vcpkg@c5dcb90bc1da6e7ba3d6e62e62a0b7df3192f51c
      sdl3:x64-windows@3.2.22 -- git+https://github.com/microsoft/vcpkg@ef1517d02481885e951bcb8aee2e41d7cec6c2ab
      sdl3-image:x64-windows@3.2.4 -- git+https://github.com/microsoft/vcpkg@a92c8e50efec244d45c4152ff27b0c2dd2666400
    * vcpkg-cmake:x64-windows@2024-04-23 -- git+https://github.com/microsoft/vcpkg@e74aa1e8f93278a8e71372f1fa08c3df420eb840
    * vcpkg-cmake-config:x64-windows@2024-05-23 -- git+https://github.com/microsoft/vcpkg@97a63e4bc1a17422ffe4eff71da53b4b561a7841
  The package fmt provides CMake targets:
  
      find_package(fmt CONFIG REQUIRED)
      target_link_libraries(main PRIVATE fmt::fmt)
  
      # Or use the header-only version
      find_package(fmt CONFIG REQUIRED)
      target_link_libraries(main PRIVATE fmt::fmt-header-only)
  
  sdl3 provides CMake targets:
  
    find_package(SDL3 CONFIG REQUIRED)
    target_link_libraries(main PRIVATE SDL3::SDL3)
  
  sdl3-image provides CMake targets:
  
    find_package(SDL3_image CONFIG REQUIRED)
    target_link_libraries(main PRIVATE $<IF:$<TARGET_EXISTS:SDL3_image::SDL3_image-shared>,SDL3_image::SDL3_image-shared,SDL3_image::SDL3_image-static>)
  
  sdl3-image provides pkg-config modules:
  
    # image loading library for Simple DirectMedia Layer
    sdl3-image
  
  All requested installations completed successfully in: 800 us
  -- Running vcpkg install - done
  -- Selecting Windows SDK version 10.0.22621.0 to target Windows 10.0.26100.
  CMake Error at CMakeLists.txt:12 (target_link_libraries):
    Cannot specify link libraries for target "MyEngine" which is not built by
    this project.
  
  
  -- Configuring incomplete, errors occurred!
  CMake Configure step failed.  Build files cannot be regenerated correctly.  Attempting to stop IDE build.
  The system cannot find the batch label specified - VCEnd
C:\Program Files\Microsoft Visual Studio\2022\Community\MSBuild\Microsoft\VC\v170\Microsoft.CppCommon.targets(237,5): error MSB8066: Custom build for 'C:\Users\ccair\Documents\Uni_Temp\Engines\MyEngineII\helloworld\build\CMakeFiles\9e5c748c240f483b702d00ab4fe448b7\generate.stamp.rule' exited with code 1.
