Fetching registry information from https://github.com/microsoft/vcpkg (HEAD)...
Detecting compiler hash for triplet x64-windows...
Compiler found: C:/Program Files/Microsoft Visual Studio/2022/Community/VC/Tools/MSVC/14.43.34808/bin/Hostx64/x64/cl.exe
The following packages will be built and installed:
    fmt:x64-windows@12.0.0 -- git+https://github.com/microsoft/vcpkg@c5dcb90bc1da6e7ba3d6e62e62a0b7df3192f51c
  * vcpkg-cmake:x64-windows@2024-04-23 -- git+https://github.com/microsoft/vcpkg@e74aa1e8f93278a8e71372f1fa08c3df420eb840
  * vcpkg-cmake-config:x64-windows@2024-05-23 -- git+https://github.com/microsoft/vcpkg@97a63e4bc1a17422ffe4eff71da53b4b561a7841
Additional packages (*) will be modified to complete this operation.
Restored 3 package(s) from C:\Users\ccair\AppData\Local\vcpkg\archives in 86.8 ms. Use --debug to see more details.
Installing 1/3 vcpkg-cmake-config:x64-windows@2024-05-23...
Elapsed time to handle vcpkg-cmake-config:x64-windows: 9.86 ms
vcpkg-cmake-config:x64-windows package ABI: 7ac3485cd5a2a3f85307915386662c0a0a4655f05a9b8947f78fdb71803c5667
Installing 2/3 vcpkg-cmake:x64-windows@2024-04-23...
Elapsed time to handle vcpkg-cmake:x64-windows: 9.51 ms
vcpkg-cmake:x64-windows package ABI: ecd26d9b7b8a21fe700af9c979d26c54791710c04c3a02192e3fe3ec08bbaacb
Installing 3/3 fmt:x64-windows@12.0.0...
Elapsed time to handle fmt:x64-windows: 16.3 ms
fmt:x64-windows package ABI: fb20a0909d2d19c823642b1e85bb9587c4e827dd84a62de537b5b393c149c35f
Installed contents are licensed to you by owners. Microsoft is not responsible for, nor does it grant any licenses to, third-party packages.
Packages installed in this vcpkg installation declare the following licenses:
MIT
The package fmt provides CMake targets:

    find_package(fmt CONFIG REQUIRED)
    target_link_libraries(main PRIVATE fmt::fmt)

    # Or use the header-only version
    find_package(fmt CONFIG REQUIRED)
    target_link_libraries(main PRIVATE fmt::fmt-header-only)

All requested installations completed successfully in: 53 ms
